<?xml version="1.0" encoding="UTF-8"?>
<testsuite xmlns:xsi="http://www.w3.org/2001/XMLSchema-instance" xsi:noNamespaceSchemaLocation="https://maven.apache.org/surefire/maven-surefire-plugin/xsd/surefire-test-report-3.0.xsd" version="3.0" name="com.calendar.CalendarServiceTest" time="0.784" tests="40" errors="0" skipped="0" failures="0">
  <properties>
[...]
</properties>
  <testcase name="addEvent_successfullyCreatesEvent" classname="com.calendar.CalendarServiceTest" time="0.597"/>
  <testcase name="addEvent_rejectsBlankTitle" classname="com.calendar.CalendarServiceTest" time="0.002"/>
  <testcase name="addEvent_rejectsPastDate" classname="com.calendar.CalendarServiceTest" time="0.001"/>
  <testcase name="addEvent_rejectsStartAfterEnd" classname="com.calendar.CalendarServiceTest" time="0.002"/>
  <testcase name="addEvent_rejectsStartEqualToEnd" classname="com.calendar.CalendarServiceTest" time="0.0"/>
  <testcase name="addEvent_rejectsDirectOverlap" classname="com.calendar.CalendarServiceTest" time="0.0"/>
  <testcase name="addEvent_rejectsPartialOverlap_startInside" classname="com.calendar.CalendarServiceTest" time="0.0"/>
  <testcase name="addEvent_rejectsPartialOverlap_endsInside" classname="com.calendar.CalendarServiceTest" time="0.015"/>
  <testcase name="addEvent_rejectsContainedEvent" classname="com.calendar.CalendarServiceTest" time="0.0"/>
  <testcase name="addEvent_allowsAdjacentEvents" classname="com.calendar.CalendarServiceTest" time="0.0"/>
  <testcase name="addEvent_allowsSameSlotsOnDifferentDays" classname="com.calendar.CalendarServiceTest" time="0.016"/>
  <testcase name="getEventsForDay_returnsEventsInChronologicalOrder" classname="com.calendar.CalendarServiceTest" time="0.005"/>
  <testcase name="getEventsForDay_returnsEmptyForDayWithNoEvents" classname="com.calendar.CalendarServiceTest" time="0.0"/>
  <testcase name="getNextAvailableSlot_returnsSlotOnEmptyDay" classname="com.calendar.CalendarServiceTest" time="0.0"/>
  <testcase name="getNextAvailableSlot_returnsSlotAfterExistingEvent" classname="com.calendar.CalendarServiceTest" time="0.007"/>
  <testcase name="getNextAvailableSlot_returnsSlotInGapBetweenEvents" classname="com.calendar.CalendarServiceTest" time="0.004"/>
  <testcase name="getNextAvailableSlot_returnsNullWhenFullyBooked" classname="com.calendar.CalendarServiceTest" time="0.003"/>
  <testcase name="getNextAvailableSlot_returnsNullWhenSlotDoesNotFit" classname="com.calendar.CalendarServiceTest" time="0.009"/>
  <testcase name="getNextAvailableSlot_rejectsZeroDuration" classname="com.calendar.CalendarServiceTest" time="0.002"/>
  <testcase name="persistence_eventsAreReloadedFromFile" classname="com.calendar.CalendarServiceTest" time="0.032"/>
  <testcase name="getNextAvailableSlot_rejectsPastDate" classname="com.calendar.CalendarServiceTest" time="0.001"/>
  <testcase name="deleteEvent_removesEventById" classname="com.calendar.CalendarServiceTest" time="0.002"/>
  <testcase name="search_returnsMatchingEventsCaseInsensitive" classname="com.calendar.CalendarServiceTest" time="0.004"/>
  <testcase name="updateEvent_successfullyUpdatesAllFields" classname="com.calendar.CalendarServiceTest" time="0.001"/>
  <testcase name="search_partialMatchWorks" classname="com.calendar.CalendarServiceTest" time="0.0"/>
  <testcase name="updateEvent_keepsExistingValuesWhenNullPassed" classname="com.calendar.CalendarServiceTest" time="0.0"/>
  <testcase name="deleteEvent_isCaseInsensitive" classname="com.calendar.CalendarServiceTest" time="0.0"/>
  <testcase name="updateEvent_rejectsUnknownId" classname="com.calendar.CalendarServiceTest" time="0.0"/>
  <testcase name="search_blankKeywordReturnsAll" classname="com.calendar.CalendarServiceTest" time="0.0"/>
  <testcase name="deleteEvent_rejectsUnknownId" classname="com.calendar.CalendarServiceTest" time="0.016"/>
  <testcase name="deleteEvent_rejectsBlankId" classname="com.calendar.CalendarServiceTest" time="0.0"/>
  <testcase name="search_returnsEmptyWhenNoMatch" classname="com.calendar.CalendarServiceTest" time="0.0"/>
  <testcase name="updateEvent_rejectsPastDate" classname="com.calendar.CalendarServiceTest" time="0.0"/>
  <testcase name="deleteEvent_onlyRemovesMatchingEvent" classname="com.calendar.CalendarServiceTest" time="0.0"/>
  <testcase name="updateEvent_rejectsStartAfterEnd" classname="com.calendar.CalendarServiceTest" time="0.0"/>
  <testcase name="search_resultsSortedByDateThenTime" classname="com.calendar.CalendarServiceTest" time="0.016"/>
  <testcase name="updateEvent_rejectsOverlapWithOtherEvent" classname="com.calendar.CalendarServiceTest" time="0.0"/>
  <testcase name="deleteEvent_persistsRemovalToFile" classname="com.calendar.CalendarServiceTest" time="0.0"/>
  <testcase name="updateEvent_doesNotConflictWithItself" classname="com.calendar.CalendarServiceTest" time="0.0"/>
  <testcase name="updateEvent_persistsChangesToFile" classname="com.calendar.CalendarServiceTest" time="0.016"/>
</testsuite>